2020-08-12 07:18:35  ||   ||  Branchless Host listening at port:6003
2020-08-12 07:18:46  ||   ||  MiniStatement{
   "authIdResponse":"777369",
   "actualBalance":"000001262459",
   "TransactionData":"10229CFF+000000100000D2701202027012020777363229CFF+000000050000D2701202027012020777359229CTW+000000005000C2701202027012020777344229CTW+000000005000C2401202024012020776977229CFF+000000050000D2401202024012020776651229CTW+000000005000C2401202024012020776628229CFF+000000050000D2401202024012020776517229CFF+000000050000D2401202024012020757266229WTC+000001500000D2401202024012020757259229CFF+000000500000D2401202024012020776357",
   "errorResponse":"000",
   "availableBalance":"000001262459"
}
2020-08-12 07:19:04  ||   ||  Branchless Host listening at port:6003
2020-08-12 07:20:26  ||   ||  FundsTransfer{
   "authIdResponse":"777344",
   "actualBalance":"000001412459",
   "reserved1":"002711777344-00000",
   "errorResponse":"000",
   "availableBalance":"000001412459"
}
2020-08-12 07:32:25  ||   ||  Branchless Host listening at port:6003
2020-08-12 07:33:57  ||   ||  Branchless Host listening at port:6003
2020-08-12 07:34:14  ||   ||  AccountBalanceInquiry{
   "authIdResponse":"777367",
   "actualBalance":"000001262459",
   "errorResponse":"014",
   "availableBalance":"000001262459"
}
