2020-08-11 11:05:08  ||   ||  Branchless Host listening at port:6003
2020-08-11 11:06:50  ||   ||  //rest/MiniStatement
2020-08-11 11:06:50  ||   ||  //rest/MiniStatement
2020-08-11 11:07:15  ||   ||  //rest/MiniStatement
2020-08-11 11:08:07  ||   ||  Branchless Host listening at port:6003
2020-08-11 11:09:15  ||   ||  Branchless Host listening at port:6003
2020-08-11 11:09:35  ||   ||  MiniStatement{
   "authIdResponse":"777369",
   "actualBalance":"000001262459",
   "TransactionData":"10229CFF+000000100000D2701202027012020777363229CFF+000000050000D2701202027012020777359229CTW+000000005000C2701202027012020777344229CTW+000000005000C2401202024012020776977229CFF+000000050000D2401202024012020776651229CTW+000000005000C2401202024012020776628229CFF+000000050000D2401202024012020776517229CFF+000000050000D2401202024012020757266229WTC+000001500000D2401202024012020757259229CFF+000000500000D2401202024012020776357",
   "errorResponse":"000",
   "availableBalance":"000001262459"
}
2020-08-11 11:10:36  ||   ||  Branchless Host listening at port:6003
2020-08-11 11:20:00  ||   ||  MiniStatement{
   "authIdResponse":"777369",
   "actualBalance":"000001262459",
   "TransactionData":"10229CFF+000000100000D2701202027012020777363229CFF+000000050000D2701202027012020777359229CTW+000000005000C2701202027012020777344229CTW+000000005000C2401202024012020776977229CFF+000000050000D2401202024012020776651229CTW+000000005000C2401202024012020776628229CFF+000000050000D2401202024012020776517229CFF+000000050000D2401202024012020757266229WTC+000001500000D2401202024012020757259229CFF+000000500000D2401202024012020776357",
   "errorResponse":"000",
   "availableBalance":"000001262459"
}
2020-08-11 11:25:37  ||   ||  MiniStatement{
   "authIdResponse":"777369",
   "actualBalance":"000001262459",
   "TransactionData":"10229CFF+000000100000D2701202027012020777363229CFF+000000050000D2701202027012020777359229CTW+000000005000C2701202027012020777344229CTW+000000005000C2401202024012020776977229CFF+000000050000D2401202024012020776651229CTW+000000005000C2401202024012020776628229CFF+000000050000D2401202024012020776517229CFF+000000050000D2401202024012020757266229WTC+000001500000D2401202024012020757259229CFF+000000500000D2401202024012020776357",
   "errorResponse":"000",
   "availableBalance":"000001262459"
}
2020-08-11 11:25:38  ||   ||  IBFT,{
   "RecordData":"12345678911112      ZEESHAN AHMED                 2205570000022116600000C1LINK BANK LIMITED  1LINK MAINBRANCH PRKTOWER                                                      PK74ABPA0002000001100111",
   "authIdResponse":"776285",
   "errorResponse":"000"
}
2020-08-11 11:27:31  ||   ||  Branchless Host listening at port:6003
2020-08-11 11:27:55  ||   ||  /rest/AccountBalanceInquiry
2020-08-11 11:30:09  ||   ||  Branchless Host listening at port:6003
2020-08-11 11:30:21  ||   ||  Branchless Host listening at port:6003
2020-08-11 11:30:41  ||   ||  AccountBalanceInquiry{
   "authIdResponse":"777367",
   "actualBalance":"000001262459",
   "errorResponse":"000",
   "availableBalance":"000001262459"
}
2020-08-11 11:31:07  ||   ||  AccountBalanceInquiry{
   "authIdResponse":"777367",
   "actualBalance":"000001262459",
   "errorResponse":"000",
   "availableBalance":"000001262459"
}
2020-08-11 11:31:48  ||   ||  AccountBalanceInquiry{
   "authIdResponse":"777367",
   "actualBalance":"000001262459",
   "errorResponse":"000",
   "availableBalance":"000001262459"
}
2020-08-11 11:34:19  ||   ||  AccountBalanceInquiry{
   "authIdResponse":"777367",
   "actualBalance":"000001262459",
   "errorResponse":"000",
   "availableBalance":"000001262459"
}
2020-08-11 11:34:51  ||   ||  FundsTransfer{
   "authIdResponse":"777344",
   "actualBalance":"000001412459",
   "reserved1":"002711777344-00000",
   "errorResponse":"000",
   "availableBalance":"000001412459"
}
2020-08-12 06:27:19  ||   ||  FundsTransfer{
   "authIdResponse":"777344",
   "actualBalance":"000001412459",
   "reserved1":"002711777344-00000",
   "errorResponse":"000",
   "availableBalance":"000001412459"
}
2020-08-12 07:13:30  ||   ||  MiniStatement{
   "authIdResponse":"777369",
   "actualBalance":"000001262459",
   "TransactionData":"10229CFF+000000100000D2701202027012020777363229CFF+000000050000D2701202027012020777359229CTW+000000005000C2701202027012020777344229CTW+000000005000C2401202024012020776977229CFF+000000050000D2401202024012020776651229CTW+000000005000C2401202024012020776628229CFF+000000050000D2401202024012020776517229CFF+000000050000D2401202024012020757266229WTC+000001500000D2401202024012020757259229CFF+000000500000D2401202024012020776357",
   "errorResponse":"000",
   "availableBalance":"000001262459"
}
2020-08-12 07:13:46  ||   ||  MiniStatement{
   "authIdResponse":"777369",
   "actualBalance":"000001262459",
   "TransactionData":"10229CFF+000000100000D2701202027012020777363229CFF+000000050000D2701202027012020777359229CTW+000000005000C2701202027012020777344229CTW+000000005000C2401202024012020776977229CFF+000000050000D2401202024012020776651229CTW+000000005000C2401202024012020776628229CFF+000000050000D2401202024012020776517229CFF+000000050000D2401202024012020757266229WTC+000001500000D2401202024012020757259229CFF+000000500000D2401202024012020776357",
   "errorResponse":"000",
   "availableBalance":"000001262459"
}
2020-08-12 07:13:46  ||   ||  AccountBalanceInquiry{
   "authIdResponse":"777367",
   "actualBalance":"000001262459",
   "errorResponse":"000",
   "availableBalance":"000001262459"
}
2020-08-12 07:15:33  ||   ||  MiniStatement{
   "authIdResponse":"777369",
   "actualBalance":"000001262459",
   "TransactionData":"10229CFF+000000100000D2701202027012020777363229CFF+000000050000D2701202027012020777359229CTW+000000005000C2701202027012020777344229CTW+000000005000C2401202024012020776977229CFF+000000050000D2401202024012020776651229CTW+000000005000C2401202024012020776628229CFF+000000050000D2401202024012020776517229CFF+000000050000D2401202024012020757266229WTC+000001500000D2401202024012020757259229CFF+000000500000D2401202024012020776357",
   "errorResponse":"000",
   "availableBalance":"000001262459"
}
2020-08-12 07:15:33  ||   ||  AccountBalanceInquiry{
   "authIdResponse":"777367",
   "actualBalance":"000001262459",
   "errorResponse":"000",
   "availableBalance":"000001262459"
}
